<?xml version="1.0" encoding="UTF-8"?>
<testsuite xmlns:xsi="http://www.w3.org/2001/XMLSchema-instance" xsi:noNamespaceSchemaLocation="https://maven.apache.org/surefire/maven-surefire-plugin/xsd/surefire-test-report-3.0.xsd" version="3.0" name="br.com.api.testes.ApiTests" time="3.993" tests="4" errors="0" skipped="0" failures="0">
  <properties>
[...]
</properties>
  <testcase name="testGetPosts" classname="br.com.api.testes.ApiTests" time="2.162">
    <system-err><![CDATA[SLF4J: Failed to load class "org.slf4j.impl.StaticLoggerBinder".
SLF4J: Defaulting to no-operation (NOP) logger implementation
SLF4J: See http://www.slf4j.org/codes.html#StaticLoggerBinder for further details.
]]></system-err>
  </testcase>
  <testcase name="testPutUpdate" classname="br.com.api.testes.ApiTests" time="0.534"/>
  <testcase name="testPostCreate" classname="br.com.api.testes.ApiTests" time="0.562"/>
  <testcase name="testDeletePost" classname="br.com.api.testes.ApiTests" time="0.298"/>
</testsuite>